[    0.000000] Initializing cgroup subsys cpuset
[    0.000000] Initializing cgroup subsys cpu
[    0.000000] Initializing cgroup subsys cpuacct
[    0.000000] Linux version 4.4.0-96-generic (buildd@lgw01-10) (gcc version 5.4.0 20160609 (Ubuntu 5.4.0-6ubuntu1~16.04.4) ) #119-Ubuntu SMP Tue Sep 12 14:59:54 UTC 2017 (Ubuntu 4.4.0-96.119-generic 4.4.83)
[    0.000000] Command line: BOOT_IMAGE=/boot/vmlinuz-4.4.0-96-generic root=LABEL=cloudimg-rootfs ro console=tty1 console=ttyS0
[    0.000000] KERNEL supported cpus:
[    0.000000]   Intel GenuineIntel
[    0.000000]   AMD AuthenticAMD
[    0.000000]   Centaur CentaurHauls
[    0.000000] x86/fpu: xstate_offset[2]:  576, xstate_sizes[2]:  256
[    0.000000] x86/fpu: Supporting XSAVE feature 0x01: 'x87 floating point registers'
[    0.000000] x86/fpu: Supporting XSAVE feature 0x02: 'SSE registers'
[    0.000000] x86/fpu: Supporting XSAVE feature 0x04: 'AVX registers'
[    0.000000] x86/fpu: Enabled xstate features 0x7, context size is 832 bytes, using 'standard' format.
[    0.000000] x86/fpu: Using 'lazy' FPU context switches.
[    0.000000] e820: BIOS-provided physical RAM map:
[    0.000000] BIOS-e820: [mem 0x0000000000000000-0x000000000009fbff] usable
[    0.000000] BIOS-e820: [mem 0x000000000009fc00-0x000000000009ffff] reserved
[    0.000000] BIOS-e820: [mem 0x00000000000f0000-0x00000000000fffff] reserved
[    0.000000] BIOS-e820: [mem 0x0000000000100000-0x000000001ffeffff] usable
[    0.000000] BIOS-e820: [mem 0x000000001fff0000-0x000000001fffffff] ACPI data
[    0.000000] BIOS-e820: [mem 0x00000000fec00000-0x00000000fec00fff] reserved
[    0.000000] BIOS-e820: [mem 0x00000000fee00000-0x00000000fee00fff] reserved
[    0.000000] BIOS-e820: [mem 0x00000000fffc0000-0x00000000ffffffff] reserved
[    0.000000] NX (Execute Disable) protection: active
[    0.000000] SMBIOS 2.5 present.
[    0.000000] Hypervisor detected: KVM
[    0.000000] e820: last_pfn = 0x1fff0 max_arch_pfn = 0x400000000
[    0.000000] MTRR: Disabled
[    0.000000] x86/PAT: MTRRs disabled, skipping PAT initialization too.
[    0.000000] CPU MTRRs all blank - virtualized system.
[    0.000000] x86/PAT: Configuration [0-7]: WB  WT  UC- UC  WB  WT  UC- UC  
[    0.000000] found SMP MP-table at [mem 0x0009fff0-0x0009ffff] mapped at [ffff88000009fff0]
[    0.000000] Scanning 1 areas for low memory corruption
[    0.000000] RAMDISK: [mem 0x1eced000-0x1f785fff]
[    0.000000] ACPI: Early table checksum verification disabled
[    0.000000] ACPI: RSDP 0x00000000000E0000 000024 (v02 VBOX  )
[    0.000000] ACPI: XSDT 0x000000001FFF0030 00003C (v01 VBOX   VBOXXSDT 00000001 ASL  00000061)
[    0.000000] ACPI: FACP 0x000000001FFF00F0 0000F4 (v04 VBOX   VBOXFACP 00000001 ASL  00000061)
[    0.000000] ACPI: DSDT 0x000000001FFF0470 0021FF (v02 VBOX   VBOXBIOS 00000002 INTL 20100528)
[    0.000000] ACPI: FACS 0x000000001FFF0200 000040
[    0.000000] ACPI: FACS 0x000000001FFF0200 000040
[    0.000000] ACPI: APIC 0x000000001FFF0240 00005C (v02 VBOX   VBOXAPIC 00000001 ASL  00000061)
[    0.000000] ACPI: SSDT 0x000000001FFF02A0 0001CC (v01 VBOX   VBOXCPUT 00000002 INTL 20100528)
[    0.000000] No NUMA configuration found
[    0.000000] Faking a node at [mem 0x0000000000000000-0x000000001ffeffff]
[    0.000000] NODE_DATA(0) allocated [mem 0x1ffeb000-0x1ffeffff]
[    0.000000] kvm-clock: Using msrs 4b564d01 and 4b564d00
[    0.000000] kvm-clock: cpu 0, msr 0:1ffe3001, primary cpu clock
[    0.000000] kvm-clock: using sched offset of 2946039936 cycles
[    0.000000] clocksource: kvm-clock: mask: 0xffffffffffffffff max_cycles: 0x1cd42e4dffb, max_idle_ns: 881590591483 ns
[    0.000000] Zone ranges:
[    0.000000]   DMA      [mem 0x0000000000001000-0x0000000000ffffff]
[    0.000000]   DMA32    [mem 0x0000000001000000-0x000000001ffeffff]
[    0.000000]   Normal   empty
[    0.000000]   Device   empty
[    0.000000] Movable zone start for each node
[    0.000000] Early memory node ranges
[    0.000000]   node   0: [mem 0x0000000000001000-0x000000000009efff]
[    0.000000]   node   0: [mem 0x0000000000100000-0x000000001ffeffff]
[    0.000000] Initmem setup node 0 [mem 0x0000000000001000-0x000000001ffeffff]
[    0.000000] ACPI: PM-Timer IO Port: 0x4008
[    0.000000] IOAPIC[0]: apic_id 2, version 32, address 0xfec00000, GSI 0-23
[    0.000000] ACPI: INT_SRC_OVR (bus 0 bus_irq 0 global_irq 2 dfl dfl)
[    0.000000] ACPI: INT_SRC_OVR (bus 0 bus_irq 9 global_irq 9 high level)
[    0.000000] Using ACPI (MADT) for SMP configuration information
[    0.000000] smpboot: Allowing 2 CPUs, 0 hotplug CPUs
[    0.000000] PM: Registered nosave memory: [mem 0x00000000-0x00000fff]
[    0.000000] PM: Registered nosave memory: [mem 0x0009f000-0x0009ffff]
[    0.000000] PM: Registered nosave memory: [mem 0x000a0000-0x000effff]
[    0.000000] PM: Registered nosave memory: [mem 0x000f0000-0x000fffff]
[    0.000000] e820: [mem 0x20000000-0xfebfffff] available for PCI devices
[    0.000000] Booting paravirtualized kernel on KVM
[    0.000000] clocksource: refined-jiffies: mask: 0xffffffff max_cycles: 0xffffffff, max_idle_ns: 7645519600211568 ns
[    0.000000] setup_percpu: NR_CPUS:512 nr_cpumask_bits:512 nr_cpu_ids:2 nr_node_ids:1
[    0.000000] PERCPU: Embedded 34 pages/cpu @ffff88001fc00000 s98328 r8192 d32744 u1048576
[    0.000000] PV qspinlock hash table entries: 256 (order: 0, 4096 bytes)
[    0.000000] Built 1 zonelists in Node order, mobility grouping on.  Total pages: 128889
[    0.000000] Policy zone: DMA32
[    0.000000] Kernel command line: BOOT_IMAGE=/boot/vmlinuz-4.4.0-96-generic root=LABEL=cloudimg-rootfs ro console=tty1 console=ttyS0
[    0.000000] PID hash table entries: 2048 (order: 2, 16384 bytes)
[    0.000000] Memory: 485632K/523832K available (8479K kernel code, 1294K rwdata, 3984K rodata, 1492K init, 1316K bss, 38200K reserved, 0K cma-reserved)
[    0.000000] SLUB: HWalign=64, Order=0-3, MinObjects=0, CPUs=2, Nodes=1
[    0.000000] Hierarchical RCU implementation.
[    0.000000] 	Build-time adjustment of leaf fanout to 64.
[    0.000000] 	RCU restricting CPUs from NR_CPUS=512 to nr_cpu_ids=2.
[    0.000000] RCU: Adjusting geometry for rcu_fanout_leaf=64, nr_cpu_ids=2
[    0.000000] NR_IRQS:33024 nr_irqs:440 16
[    0.000000] Console: colour VGA+ 80x25
[    0.000000] console [tty1] enabled
[    0.000000] console [ttyS0] enabled
[    0.000000] tsc: Detected 2194.918 MHz processor
[   13.795095] Calibrating delay loop (skipped) preset value.. 4389.83 BogoMIPS (lpj=8779672)
[   14.011050] pid_max: default: 32768 minimum: 301
[   14.095790] ACPI: Core revision 20150930
[   14.196687] ACPI: 2 ACPI AML tables successfully acquired and loaded
[   14.347359] Security Framework initialized
[   14.459836] Yama: becoming mindful.
[   14.547996] AppArmor: AppArmor initialized
[   14.630034] Dentry cache hash table entries: 65536 (order: 7, 524288 bytes)
[   14.693970] Inode-cache hash table entries: 32768 (order: 6, 262144 bytes)
[   14.853592] Mount-cache hash table entries: 1024 (order: 1, 8192 bytes)
[   15.028746] Mountpoint-cache hash table entries: 1024 (order: 1, 8192 bytes)
[   15.193768] Initializing cgroup subsys io
[   15.294426] Initializing cgroup subsys memory
[   15.383866] Initializing cgroup subsys devices
[   15.488772] Initializing cgroup subsys freezer
[   15.605769] Initializing cgroup subsys net_cls
[   15.705747] Initializing cgroup subsys perf_event
[   15.761558] Initializing cgroup subsys net_prio
[   15.777320] Initializing cgroup subsys hugetlb
[   15.801397] Initializing cgroup subsys pids
[   15.889294] CPU: Physical Processor ID: 0
[   15.993481] CPU: Processor Core ID: 0
[   16.087587] mce: CPU supports 0 MCE banks
[   16.184738] Last level iTLB entries: 4KB 1024, 2MB 1024, 4MB 1024
[   16.335470] Last level dTLB entries: 4KB 1024, 2MB 1024, 4MB 1024, 1GB 4
[   16.502333] Freeing SMP alternatives memory: 32K
[   16.616519] ftrace: allocating 32146 entries in 126 pages
[   16.776247] smpboot: APIC(0) Converting physical 0 to logical package 0
[   16.846242] smpboot: Max logical packages: 1
[   16.870510] x2apic enabled
[   16.876922] Switched APIC routing to physical x2apic.
[   17.005256] ..TIMER: vector=0x30 apic1=0 pin1=2 apic2=-1 pin2=-1
[   17.257883] smpboot: CPU0: Intel(R) Core(TM) i7-4770HQ CPU @ 2.20GHz (family: 0x6, model: 0x46, stepping: 0x1)
[   17.518504] Performance Events: unsupported p6 CPU model 70 no PMU driver, software events only.
[   17.751911] KVM setup paravirtual spinlock
[   17.843210] x86: Booting SMP configuration:
[   17.929745] .... node  #0, CPUs:      #1
[   17.957608] kvm-clock: cpu 1, msr 0:1ffe3041, secondary cpu clock
[   18.130835] mce: CPU supports 0 MCE banks
[   18.237251] x86: Booted up 1 node, 2 CPUs
[   18.331348] smpboot: Total of 2 processors activated (8779.67 BogoMIPS)
[   18.496284] devtmpfs: initialized
[   18.576669] evm: security.selinux
[   18.667468] evm: security.SMACK64
[   18.750129] evm: security.SMACK64EXEC
[   18.847316] evm: security.SMACK64TRANSMUTE
[   18.940478] evm: security.SMACK64MMAP
[   19.013774] evm: security.ima
[   19.045407] evm: security.capability
[   19.070392] clocksource: jiffies: mask: 0xffffffff max_cycles: 0xffffffff, max_idle_ns: 7645041785100000 ns
[   19.339553] futex hash table entries: 512 (order: 3, 32768 bytes)
[   19.471759] pinctrl core: initialized pinctrl subsystem
[   19.481730] RTC time: 12:24:24, date: 10/08/17
[   19.501374] NET: Registered protocol family 16
[   19.521934] cpuidle: using governor ladder
[   19.634448] cpuidle: using governor menu
[   19.718551] PCCT header not found.
[   19.800654] ACPI: bus type PCI registered
[   19.903896] acpiphp: ACPI Hot Plug PCI Controller Driver version: 0.5
[   20.070118] PCI: Using configuration type 1 for base access
[   20.141964] ACPI: Added _OSI(Module Device)
[   20.157843] ACPI: Added _OSI(Processor Device)
[   20.270590] ACPI: Added _OSI(3.0 _SCP Extensions)
[   20.364782] ACPI: Added _OSI(Processor Aggregator Device)
[   20.511669] ACPI: Executed 1 blocks of module-level executable AML code
[   20.693210] ACPI: Interpreter enabled
[   20.776084] ACPI: (supports S0 S5)
[   20.864462] ACPI: Using IOAPIC for interrupt routing
[   20.993786] PCI: Using host bridge windows from ACPI; if necessary, use "pci=nocrs" and report a bug
[   21.186636] ACPI: PCI Root Bridge [PCI0] (domain 0000 [bus 00-ff])
[   21.258271] acpi PNP0A03:00: _OSC: OS supports [ASPM ClockPM Segments MSI]
[   21.415287] acpi PNP0A03:00: _OSC: not requesting OS control; OS requires [ExtendedConfig ASPM ClockPM MSI]
[   21.676082] acpi PNP0A03:00: fail to add MMCONFIG information, can't access extended PCI configuration space under this bridge.
[   21.975479] PCI host bridge to bus 0000:00
[   22.080070] pci_bus 0000:00: root bus resource [io  0x0000-0x0cf7 window]
[   22.269823] pci_bus 0000:00: root bus resource [io  0x0d00-0xffff window]
[   22.340764] pci_bus 0000:00: root bus resource [mem 0x000a0000-0x000bffff window]
[   22.441844] pci_bus 0000:00: root bus resource [mem 0x20000000-0xffdfffff window]
[   22.631805] pci_bus 0000:00: root bus resource [bus 00-ff]
[   22.784886] pci 0000:00:01.1: legacy IDE quirk: reg 0x10: [io  0x01f0-0x01f7]
[   22.982032] pci 0000:00:01.1: legacy IDE quirk: reg 0x14: [io  0x03f6]
[   23.133325] pci 0000:00:01.1: legacy IDE quirk: reg 0x18: [io  0x0170-0x0177]
[   23.326675] pci 0000:00:01.1: legacy IDE quirk: reg 0x1c: [io  0x0376]
[   23.434894] pci 0000:00:07.0: quirk: [io  0x4000-0x403f] claimed by PIIX4 ACPI
[   23.575408] pci 0000:00:07.0: quirk: [io  0x4100-0x410f] claimed by PIIX4 SMB
[   23.762627] ACPI: PCI Interrupt Link [LNKA] (IRQs 5 9 10 *11)
[   23.915014] ACPI: PCI Interrupt Link [LNKB] (IRQs 5 9 10 *11)
[   24.048896] ACPI: PCI Interrupt Link [LNKC] (IRQs 5 9 *10 11)
[   24.185973] ACPI: PCI Interrupt Link [LNKD] (IRQs 5 *9 10 11)
[   24.318593] ACPI: Enabled 2 GPEs in block 00 to 07
[   24.419023] vgaarb: setting as boot device: PCI:0000:00:02.0
[   24.516838] vgaarb: device added: PCI:0000:00:02.0,decodes=io+mem,owns=io+mem,locks=none
[   24.609516] vgaarb: loaded
[   24.677183] vgaarb: bridge control possible 0000:00:02.0
[   24.814284] SCSI subsystem initialized
[   24.925730] ACPI: bus type USB registered
[   25.030593] usbcore: registered new interface driver usbfs
[   25.185765] usbcore: registered new interface driver hub
[   25.331164] usbcore: registered new device driver usb
[   25.443928] PCI: Using ACPI for IRQ routing
[   25.541052] NetLabel: Initializing
[   25.596515] NetLabel:  domain hash size = 128
[   25.642931] NetLabel:  protocols = UNLABELED CIPSOv4
[   25.753753] NetLabel:  unlabeled traffic allowed by default
[   25.906265] amd_nb: Cannot enumerate AMD northbridges
[   26.041798] clocksource: Switched to clocksource kvm-clock
[   26.202708] AppArmor: AppArmor Filesystem Enabled
[   26.329658] pnp: PnP ACPI init
[   26.403618] pnp: PnP ACPI: found 3 devices
[   26.524539] clocksource: acpi_pm: mask: 0xffffff max_cycles: 0xffffff, max_idle_ns: 2085701024 ns
[   26.725453] NET: Registered protocol family 2
[   26.795132] TCP established hash table entries: 4096 (order: 3, 32768 bytes)
[   26.995959] TCP bind hash table entries: 4096 (order: 4, 65536 bytes)
[   27.160225] TCP: Hash tables configured (established 4096 bind 4096)
[   27.347548] UDP hash table entries: 256 (order: 1, 8192 bytes)
[   27.532083] UDP-Lite hash table entries: 256 (order: 1, 8192 bytes)
[   27.687173] NET: Registered protocol family 1
[   27.755354] pci 0000:00:00.0: Limiting direct PCI/PCI transfers
[   27.847671] pci 0000:00:01.0: Activating ISA DMA hang workarounds
[   28.010050] Unpacking initramfs...
[   29.700956] Freeing initrd memory: 10852K
[   29.792167] platform rtc_cmos: registered platform RTC device (no PNP device found)
[   29.983295] Scanning for low memory corruption every 60 seconds
[   30.027064] audit: initializing netlink subsys (disabled)
[   30.159953] audit: type=2000 audit(1507465454.623:1): initialized
[   30.293434] Initialise system trusted keyring
[   30.405332] HugeTLB registered 2 MB page size, pre-allocated 0 pages
[   30.574594] zbud: loaded
[   30.639540] VFS: Disk quotas dquot_6.6.0
[   30.745027] VFS: Dquot-cache hash table entries: 512 (order 0, 4096 bytes)
[   30.921308] tsc: Refined TSC clocksource calibration: 2195.765 MHz
[   31.097427] clocksource: tsc: mask: 0xffffffffffffffff max_cycles: 0x1fa6922e7eb, max_idle_ns: 440795290889 ns
[   31.097792] squashfs: version 4.0 (2009/01/31) Phillip Lougher
[   31.098077] fuse init (API version 7.23)
[   31.098181] Key type big_key registered
[   31.098201] Allocating IMA MOK and blacklist keyrings.
[   31.098381] Key type asymmetric registered
[   31.098387] Asymmetric key parser 'x509' registered
[   31.098417] Block layer SCSI generic (bsg) driver version 0.4 loaded (major 249)
[   31.098443] io scheduler noop registered
[   31.098445] io scheduler deadline registered (default)
[   31.098469] io scheduler cfq registered
[   31.098558] pci_hotplug: PCI Hot Plug PCI Core version: 0.5
[   31.098562] pciehp: PCI Express Hot Plug Controller Driver version: 0.4
[   31.098886] ACPI: AC Adapter [AC] (off-line)
[   31.098940] input: Power Button as /devices/LNXSYSTM:00/LNXPWRBN:00/input/input0
[   31.098942] ACPI: Power Button [PWRF]
[   31.099018] input: Sleep Button as /devices/LNXSYSTM:00/LNXSLPBN:00/input/input1
[   31.099021] ACPI: Sleep Button [SLPF]
[   31.099187] GHES: HEST is not enabled!
[   31.100247] ACPI: Battery Slot [BAT0] (battery present)
[   31.100291] Serial: 8250/16550 driver, 32 ports, IRQ sharing enabled
[   31.354373] 00:02: ttyS0 at I/O 0x3f8 (irq = 4, base_baud = 115200) is a 16550A
[   31.523806] Linux agpgart interface v0.103
[   31.688104] loop: module loaded
[   31.688585] scsi host0: ata_piix
[   31.688630] scsi host1: ata_piix
[   31.688656] ata1: PATA max UDMA/33 cmd 0x1f0 ctl 0x3f6 bmdma 0xd000 irq 14
[   31.688657] ata2: PATA max UDMA/33 cmd 0x170 ctl 0x376 bmdma 0xd008 irq 15
[   31.688720] libphy: Fixed MDIO Bus: probed
[   31.688722] tun: Universal TUN/TAP device driver, 1.6
[   31.688722] tun: (C) 1999-2004 Max Krasnyansky <maxk@qualcomm.com>
[   31.688984] PPP generic driver version 2.4.2
[   31.689041] ehci_hcd: USB 2.0 'Enhanced' Host Controller (EHCI) Driver
[   31.689045] ehci-pci: EHCI PCI platform driver
[   31.689059] ehci-platform: EHCI generic platform driver
[   31.689066] ohci_hcd: USB 1.1 'Open' Host Controller (OHCI) Driver
[   31.689069] ohci-pci: OHCI PCI platform driver
[   31.689076] ohci-platform: OHCI generic platform driver
[   31.689083] uhci_hcd: USB Universal Host Controller Interface driver
[   31.689133] i8042: PNP: PS/2 Controller [PNP0303:PS2K,PNP0f03:PS2M] at 0x60,0x64 irq 1,12
[   31.779960] serio: i8042 KBD port at 0x60,0x64 irq 1
[   31.779966] serio: i8042 AUX port at 0x60,0x64 irq 12
[   31.780092] mousedev: PS/2 mouse device common for all mice
[   31.780445] rtc_cmos rtc_cmos: rtc core: registered rtc_cmos as rtc0
[   31.780507] rtc_cmos rtc_cmos: alarms up to one day, 114 bytes nvram
[   31.780514] i2c /dev entries driver
[   31.780579] device-mapper: uevent: version 1.0.3
[   31.780635] device-mapper: ioctl: 4.34.0-ioctl (2015-10-28) initialised: dm-devel@redhat.com
[   31.780653] ledtrig-cpu: registered to indicate activity on CPUs
[   31.780987] NET: Registered protocol family 10
[   31.781153] NET: Registered protocol family 17
[   31.781164] Key type dns_resolver registered
[   32.005568] microcode: CPU0 sig=0x40661, pf=0x40, revision=0x0
[   32.005641] microcode: CPU1 sig=0x40661, pf=0x40, revision=0x0
[   32.005735] microcode: Microcode Update Driver: v2.01 <tigran@aivazian.fsnet.co.uk>, Peter Oruba
[   32.005857] registered taskstats version 1
[   32.005872] Loading compiled-in X.509 certificates
[   32.006433] Loaded X.509 cert 'Build time autogenerated kernel key: b1a6ea8776bed2812c00d8a799f968274ef48628'
[   32.006449] zswap: loaded using pool lzo/zbud
[   32.007624] Key type trusted registered
[   32.009638] Key type encrypted registered
[   32.009642] AppArmor: AppArmor sha1 policy hashing enabled
[   32.009645] ima: No TPM chip found, activating TPM-bypass!
[   32.009662] evm: HMAC attrs: 0x1
[   32.009964]   Magic number: 5:272:430
[   32.157407] rtc_cmos rtc_cmos: setting system clock to 2017-10-08 12:24:36 UTC (1507465476)
[   32.157606] BIOS EDD facility v0.16 2004-Jun-25, 0 devices found
[   32.157607] EDD information not available.
[   32.629443] input: AT Translated Set 2 keyboard as /devices/platform/i8042/serio0/input/input2
[   39.873135] Freeing unused kernel memory: 1492K
[   39.913493] Write protecting the kernel read-only data: 14336k
[   40.157116] Freeing unused kernel memory: 1748K
[   40.363105] Freeing unused kernel memory: 112K
Loading, please [   40.547843] random: systemd-udevd: uninitialized urandom read (16 bytes read, 5 bits of entropy available)
wait...
startin[   40.548432] random: udevadm: uninitialized urandom read (16 bytes read, 5 bits of entropy available)
g version 229
[   40.548462] random: udevadm: uninitialized urandom read (16 bytes read, 5 bits of entropy available)
[   40.550028] random: udevadm: uninitialized urandom read (16 bytes read, 5 bits of entropy available)
[   40.550084] random: udevadm: uninitialized urandom read (16 bytes read, 5 bits of entropy available)
[   40.550121] random: udevadm: uninitialized urandom read (16 bytes read, 5 bits of entropy available)
[   40.550154] random: udevadm: uninitialized urandom read (16 bytes read, 5 bits of entropy available)
[   40.550185] random: udevadm: uninitialized urandom read (16 bytes read, 5 bits of entropy available)
[   40.550214] random: udevadm: uninitialized urandom read (16 bytes read, 5 bits of entropy available)
[   40.550246] random: udevadm: uninitialized urandom read (16 bytes read, 5 bits of entropy available)
[   43.054657] e1000: Intel(R) PRO/1000 Network Driver - version 7.3.21-k8-NAPI
[   43.136446] e1000: Copyright (c) 1999-2006 Intel Corporation.
[   43.194632] Fusion MPT base driver 3.04.20
[   43.361563] Copyright (c) 1999-2008 LSI Corporation
[   43.554412] AVX version of gcm_enc/dec engaged.
[   43.666620] AES CTR mode by8 optimization enabled
[   43.763205] input: ImExPS/2 Generic Explorer Mouse as /devices/platform/i8042/serio1/input/input4
[   43.978828] Fusion MPT SPI Host driver 3.04.20
[   44.307806] e1000 0000:00:03.0 eth0: (PCI:33MHz:32-bit) 02:d1:58:fa:01:98
[   44.606513] e1000 0000:00:03.0 eth0: Intel(R) PRO/1000 Network Connection
[   45.239053] e1000 0000:00:08.0 eth1: (PCI:33MHz:32-bit) 08:00:27:9d:ed:0e
[   45.336298] e1000 0000:00:08.0 eth1: Intel(R) PRO/1000 Network Connection
[   45.377523] mptbase: ioc0: Initiating bringup
[   45.378168] e1000 0000:00:03.0 enp0s3: renamed from eth0
[   45.626210] e1000 0000:00:08.0 enp0s8: renamed from eth1
[   45.682163] ioc0: LSI53C1030 A0: Capabilities={Initiator}
[   46.009611] scsi host2: ioc0: LSI53C1030 A0, FwRev=00000000h, Ports=1, MaxQ=256, IRQ=20
[   46.182024] floppy0: no floppy controllers found
[   46.182059] work still pending
[   46.522432] scsi 2:0:0:0: Direct-Access     VBOX     HARDDISK         1.0  PQ: 0 ANSI: 5
[   46.897469] scsi target2:0:0: Beginning Domain Validation
[   47.226729] scsi target2:0:0: Domain Validation skipping write tests
[   47.489076] scsi target2:0:0: Ending Domain Validation
[   47.525624] scsi target2:0:0: asynchronous
[   47.544303] scsi 2:0:1:0: Direct-Access     VBOX     HARDDISK         1.0  PQ: 0 ANSI: 5
[   47.705311] scsi target2:0:1: Beginning Domain Validation
[   47.909443] scsi target2:0:1: Domain Validation skipping write tests
[   48.176936] scsi target2:0:1: Ending Domain Validation
[   48.366731] scsi target2:0:1: asynchronous
[   48.538702] sd 2:0:0:0: Attached scsi generic sg0 type 0
[   48.612746] sd 2:0:0:0: [sda] 20971520 512-byte logical blocks: (10.7 GB/10.0 GiB)
[   48.660426] sd 2:0:1:0: [sdb] 20480 512-byte logical blocks: (10.5 MB/10.0 MiB)
[   48.660444] sd 2:0:1:0: Attached scsi generic sg1 type 0
[   48.907559] sd 2:0:0:0: [sda] Write Protect is off
[   48.907793] sd 2:0:0:0: [sda] Incomplete mode parameter data
[   48.907795] sd 2:0:0:0: [sda] Assuming drive cache: write through
[   48.909223]  sda: sda1
[   48.909761] sd 2:0:0:0: [sda] Attached SCSI disk
[   49.752038] sd 2:0:1:0: [sdb] Write Protect is off
[   49.759281] sd 2:0:1:0: [sdb] Incomplete mode parameter data
[   49.910675] sd 2:0:1:0: [sdb] Assuming drive cache: write through
[   50.289955] sd 2:0:1:0: [sdb] Attached SCSI disk
Begin: Loading e[   51.820923] md: linear personality registered for level -1
ssential drivers[   51.919366] md: multipath personality registered for level -4
 ... [   52.013251] md: raid0 personality registered for level 0
[   52.286607] md: raid1 personality registered for level 1
[   52.493914] raid6: sse2x1   gen() 10301 MB/s
[   52.674347] raid6: sse2x1   xor()  8072 MB/s
[   52.834044] raid6: sse2x2   gen() 13077 MB/s
[   53.001849] raid6: sse2x2   xor()  8258 MB/s
[   53.114017] raid6: sse2x4   gen() 15061 MB/s
[   53.297870] raid6: sse2x4   xor()  9330 MB/s
[   53.382984] raid6: using algorithm sse2x4 gen() 15061 MB/s
[   53.520010] raid6: .... xor() 9330 MB/s, rmw enabled
[   53.655435] raid6: using ssse3x2 recovery algorithm
[   53.791879] xor: automatically using best checksumming function:
[   54.069857]    avx       : 46569.000 MB/sec
[   54.109629] async_tx: api initialized (async)
[   54.197444] md: raid6 personality registered for level 6
[   54.332827] md: raid5 personality registered for level 5
[   54.474941] md: raid4 personality registered for level 4
[   54.631036] md: raid10 personality registered for level 10
done.
Begin: Running /scripts/init-p[   54.793314] Btrfs loaded
remount ... done.
Begin: Mounting root file system ... Begin: Running /scripts/local-top ... done.
Begin: Running /scripts/local-premount ... Scanning for Btrfs filesystems
done.
Warning: fsck not present, so skipping root file system
[   54.942825] EXT4-fs (sda1): mounted filesystem with ordered data mode. Opts: (null)
done.
Begin: Running /scripts/local-bottom ... done.
Begin: Running /scripts/init-bottom ... done.
[   54.995496] systemd[1]: systemd 229 running in system mode. (+PAM +AUDIT +SELINUX +IMA +APPARMOR +SMACK +SYSVINIT +UTMP +LIBCRYPTSETUP +GCRYPT +GNUTLS +ACL +XZ -LZ4 +SECCOMP +BLKID +ELFUTILS +KMOD -IDN)
[   55.229460] systemd[1]: Detected virtualization oracle.
[   55.350351] systemd[1]: Detected architecture x86-64.

Welcome to [1mUbuntu 16.04.3 LTS[0m!

[   55.534858] systemd[1]: Set hostname to <ubuntu>.
[   55.666161] systemd[1]: Initializing machine ID from random generator.
[   55.845505] systemd[1]: Installed transient /etc/machine-id file.
[   56.082938] systemd[1]: Started Trigger resolvconf update for networkd DNS.
[[0;32m  OK  [0m] Started Trigger resolvconf update for networkd DNS.
[   56.242339] systemd[1]: Listening on udev Kernel Socket.
[[0;32m  OK  [0m] Listening on udev Kernel Socket.
[   56.366701] systemd[1]: Created slice System Slice.
[[0;32m  OK  [0m] Created slice System Slice.
[   56.538576] systemd[1]: Created slice system-serial\x2dgetty.slice.
[[0;32m  OK  [0m] Created slice system-serial\x2dgetty.slice.
[   56.766233] systemd[1]: Listening on Journal Socket (/dev/log).
[[0;32m  OK  [0m] Listening on Journal Socket (/dev/log).
[   56.974773] systemd[1]: Listening on LVM2 metadata daemon socket.
[[0;32m  OK  [0m] Listening on LVM2 metadata daemon socket.
[   57.198327] systemd[1]: Listening on LVM2 poll daemon socket.
[[0;32m  OK  [0m] Listening on LVM2 poll daemon socket.
[   57.386344] systemd[1]: Listening on Journal Socket.
[[0;32m  OK  [0m] Listening on Journal Socket.
[   57.522584] systemd[1]: Starting Remount Root and Kernel File Systems...
         [   57.708236] EXT4-fs (sda1): re-mounted. Opts: (null)
Starting Remount[   58.019610] random: nonblocking pool is initialized
 Root and Kernel File Systems...
[   58.122523] systemd[1]: Starting Uncomplicated firewall...
         Starting Uncomplicated firewall...
[   58.202699] systemd[1]: Starting Set console keymap...
         Starting Set console keymap...
[   58.366511] systemd[1]: Mounting Debug File System...
         Mounting Debug File System...
[   58.482043] systemd[1]: Reached target Encrypted Volumes.
[[0;32m  OK  [0m] Reached target Encrypted Volumes.
[   58.638550] systemd[1]: Listening on Syslog Socket.
[[0;32m  OK  [0m] Listening on Syslog Socket.
[   58.814881] systemd[1]: Started Forward Password Requests to Wall Directory Watch.
[[0;32m  OK  [0m] Started Forward Password Requests to Wall Directory Watch.
[   59.098678] systemd[1]: Mounting Huge Pages File System...
         Mounting Huge Pages File System...
[   59.310434] systemd[1]: Starting Nameserver information manager...
         Starting Nameserver information manager...
[   59.514450] systemd[1]: Listening on Device-mapper event daemon FIFOs.
[[0;32m  OK  [0m] Listening on Device-mapper event daemon FIFOs.
[   59.686490] systemd[1]: Starting Monitoring of LVM2 mirrors, snapshots etc. using dmeventd or progress polling...
         Starting Monitoring of LVM2 mirrors... dmeventd or progress polling...
[   59.998511] systemd[1]: Created slice User and Session Slice.
[[0;32m  OK  [0m] Created slice User and Session Slice.
[   60.202736] systemd[1]: Set up automount Arbitrary Executable File Formats File System Automount Point.
[[0;32m  OK  [0m] Set up automount Arbitrary Executab...ats File System Automount Point.
[   60.542120] systemd[1]: Reached target User and Group Name Lookups.
[[0;32m  OK  [0m] Reached target User and Group Name Lookups.
[   60.746446] systemd[1]: Listening on /dev/initctl Compatibility Named Pipe.
[[0;32m  OK  [0m] Listening on /dev/initctl Compatibility Named Pipe.
[   61.018797] systemd[1]: Starting Create list of required static device nodes for the current kernel...
         Starting Create list of required st... nodes for the current kernel...
[   61.354374] systemd[1]: Mounting POSIX Message Queue File System...
         Mounting POSIX Message Queue File System...
[   61.550436] systemd[1]: Listening on Journal Audit Socket.
[[0;32m  OK  [0m] Listening on Journal Audit Socket.
[   61.754040] systemd[1]: Starting Journal Service...
         Starting Journal Service...
[   61.830541] systemd[1]: Reached target Swap.
[[0;32m  OK  [0m] Reached target Swap.
[   61.990781] systemd[1]: Reached target Slices.
[[0;32m  OK  [0m] Reached target Slices.
[   62.162188] systemd[1]: Starting Load Kernel Modules...
         [   62.300940] Loading iSCSI transport class v2.0-870.
Starting Load Ke[   62.498208] iscsi: registered transport (tcp)
rnel Modules...
[   62.742987] iscsi: registered transport (iser)
[   62.743114] systemd[1]: Listening on udev Control Socket.
[[0;32m  OK  [0m] Listening on udev Control Socket.
[   62.967362] systemd[1]: Mounted Huge Pages File System.
[[0;32m  OK  [0m] Mounted Huge Pages File System.
[   63.170440] systemd[1]: Mounted POSIX Message Queue File System.
[[0;32m  OK  [0m] Mounted POSIX Message Queue File System.
[   63.370546] systemd[1]: Mounted Debug File System.
[[0;32m  OK  [0m] Mounted Debug File System.
[   63.538396] systemd[1]: Started Journal Service.
[[0;32m  OK  [0m] Started Journal Service.
[[0;32m  OK  [0m] Started Remount Root and Kernel File Systems.
[[0;32m  OK  [0m] Started Uncomplicated firewall.
[[0;32m  OK  [0m] Started Set console keymap.
[[0;32m  OK  [0m] Started Create list of required sta...ce nodes for the current kernel.
[[0;32m  OK  [0m] Started Load Kernel Modules.
[[0;32m  OK  [0m] Started Nameserver information manager.
[[0;32m  OK  [0m] Started LVM2 metadata daemon.
         Starting Apply Kernel Variables...
         Mounting FUSE Control File System...
         Starting Create Static Device Nodes in /dev...
         Starting udev Coldplug all Devices...
         Starting Load/Save Random Seed...
         Starting Initial cloud-init job (pre-networking)...
         Starting Flush Journal to Persistent Storage...
[[0;32m  OK  [0m] Mounted FUSE Control File System.
[[0;32m  OK  [0m] Started Monitoring of LVM2 mirrors,...ng dmeventd or progress polling.
[[0;32m  OK  [0m] Started Apply Kernel Variables.
[[0;32m  OK  [0m] Started Create Static Device Nodes in /dev.
[[0;32m  OK  [0m] Started Load/Save Random Seed.
[[0;32m  OK  [0m] Started udev Coldplug all Devices.
[[0;32m  OK  [0m] Started Flush Journal to Persistent Storage.
         Starting udev Kernel Device Manager...
[[0;32m  OK  [0m] Started udev Kernel Device Manager.
[   39.645593] cloud-init[459]: Cloud-init v. 0.7.9 running 'init-local' at Sun, 08 Oct 2017 12:25:09 +0000. Up 39.46 seconds.
[[0;32m  OK  [0m] Reached target Local File Systems (Pre).
[[0;32m  OK  [0m] Reached target Local File Systems.
         Starting Commit a transient machine-id on disk...
         Starting LSB: AppArmor initialization...
         Starting Set console font and keymap...
         Starting Tell Plymouth To Write Out Runtime Data...
         Starting Create Volatile Files and Directories...
[[0;32m  OK  [0m] Started Dispatch Password Requests to Console Directory Watch.
[[0;32m  OK  [0m] Started Commit a transient machine-id on disk.
[[0;32m  OK  [0m] Started Set console font and keymap.
[[0;32m  OK  [0m] Started Tell Plymouth To Write Out Runtime Data.
[[0;32m  OK  [0m] Started Create Volatile Files and Directories.
[[0;32m  OK  [0m] Started Initial cloud-init job (pre-networking).
[[0;32m  OK  [0m] Found device /dev/ttyS0.
[[0;32m  OK  [0m] Listening on Load/Save RF Kill Switch Status /dev/rfkill Watch.
[[0;32m  OK  [0m] Reached target Network (Pre).
[[0;32m  OK  [0m] Reached target System Time Synchronized.
         Starting Update UTMP about System Boot/Shutdown...
[[0;32m  OK  [0m] Created slice system-getty.slice.
[[0;32m  OK  [0m] Started LSB: AppArmor initialization.
[[0;32m  OK  [0m] Started Update UTMP about System Boot/Shutdown.
[[0;32m  OK  [0m] Started ifup for enp0s3.
         Starting Raise network interfaces...
[[0;32m  OK  [0m] Started Raise network interfaces.
[[0;32m  OK  [0m] Reached target Network.
         Starting Initial cloud-init job (metadata service crawler)...
[   43.558419] cloud-init[975]: Cloud-init v. 0.7.9 running 'init' at Sun, 08 Oct 2017 12:25:12 +0000. Up 43.12 seconds.
[   43.644764] cloud-init[975]: ci-info: +++++++++++++++++++++++++++++++++++++Net device info++++++++++++++++++++++++++++++++++++++
[   43.645242] cloud-init[975]: ci-info: +--------+-------+---------------------------+---------------+-------+-------------------+
[[0;32m  OK  [0m] Started Initial cloud-init job (metadata service crawler).
[   43.645455] cloud-init[975]: ci-info: | Device |   Up  |          Address          |      Mask     | Scope |     Hw-Address    |
[   43.980614] cloud-init[975]: ci-info: +--------+-------+---------------------------+---------------+-------+-------------------+
[   43.981017] cloud-init[975]: ci-info: | enp0s3 |  True |         10.0.2.15         | 255.255.255.0 |   .   | 02:d1:58:fa:01:98 |
[[0;32m  OK  [0m] Reached target Network is Online.
[   43.981170] cloud-init[975]: ci-info: | enp0s3 |  True | fe80::d1:58ff:fefa:198/64 |       .       |  link | 02:d1:58:fa:01:98 |
[   44.280453] cloud-init[975]: ci-info: |   lo   |  True |         127.0.0.1         |   255.0.0.0   |   .   |         .         |
[   44.280800] cloud-init[975]: ci-info: |   lo   |  True |          ::1/128          |       .       |  host |         .         |
         Starting iSCSI initiator daemon (iscsid)...
[[   44.280948] cloud-init[975]: ci-info: | enp0s8 | False |             .             |       .       |   .   | 08:00:27:9d:ed:0e |
[   44.489155] cloud-init[975]: ci-info: +--------+-------+---------------------------+---------------+-------+-------------------+
[0;32m  OK  [0m] Reached target System Initialization.
[   44.489262] cloud-init[975]: ci-info: +++++++++++++++++++++++++++Route IPv4 info++++++++++++++++++++++++++++
[   44.777485] cloud-init[975]: ci-info: +-------+-------------+----------+---------------+-----------+-------+
[   44.777863] cloud-init[975]: ci-info: | Route | Destination | Gateway  |    Genmask    | Interface | Flags |
[[0;32m  OK  [0m] Started ACPI Events Check.
[[   44.778037] cloud-init[975]: ci-info: +-------+-------------+----------+---------------+-----------+-------+
[   44.973682] cloud-init[975]: ci-info: |   0   |   0.0.0.0   | 10.0.2.2 |    0.0.0.0    |   enp0s3  |   UG  |
[0;32m  OK  [0m] Reached target Paths.
[[   44.973849] cloud-init[975]: ci-info: |   1   |   10.0.2.0  | 0.0.0.0  | 255.255.255.0 |   enp0s3  |   U   |
[   45.173411] cloud-init[975]: ci-info: +-------+-------------+----------+---------------+-----------+-------+
[0;32m  OK  [0m] Listening on ACPID Listen Socket.
         [   45.173556] Starting Socket activation for snappy daemon.cloud-init
[975]: Generating public/private rsa key pair.
[   45.404501] cloud-init[975]: Your identification has been saved in /etc/ssh/ssh_host_rsa_key.
[   45.404873] cloud-init[975]: Your public key has been saved in /etc/ssh/ssh_host_rsa_key.pub.
[[0;32m  OK  [0m] Started Timer to automatically refresh installed snaps.
[[   45.405048] cloud-init[975]: The key fingerprint is:
[   45.588922] cloud-init[975]: SHA256:L487kJ23eGC7x9Eqx+Kggw+Taz6F1SbnwWizsVVb8VE root@ubuntu-xenial
[0;32m  OK  [0m] Started Daily apt download activities.
[[   45.589040] cloud-init[975]: The key's randomart image is:
[   45.737476] cloud-init[975]: +---[RSA 2048]----+
[0;32m  OK  [0m] Started Daily apt upgrade and clean activities.
[[   45.737629] cloud-init[975]: |          ....E  |
[   45.877520] cloud-init[975]: |        . .. .   |
[0;32m  OK  [0m] Started Timer to automatically fetch and run repair assertions.
[[   45.877663] cloud-init[975]: |     + . o  .    |
[   46.005508] cloud-init[975]: |    B B .        |
[0;32m  OK  [0m] Listening on D-Bus System Message Bus Socket.
[[   46.005843] cloud-init[975]: |   + @ +S. .     |
[   46.125217] cloud-init[975]: |  ..+ + =.o .    |
[0;32m  OK  [0m] Started Daily Cleanup of Temporary Directories.
[[   46.125315] cloud-init[975]: |  +o  .o.B.+     |
[   46.249656] cloud-init[975]: |  ++.. .*+O      |
[0;32m  OK  [0m] Reached target Timers.
[[   46.249803] cloud-init[975]: | oooo. .=X.      |
[   46.353381] cloud-init[975]: +----[SHA256]-----+
[0;32m  OK  [0m] Listening on UUID daemon activation socket.
[   46.353536] cloud-init[975]: Generating public/private dsa key pair.
[   46.480784] cloud-init[975]: Your identification has been saved in /etc/ssh/ssh_host_dsa_key.
[   46.481138] cloud-init[975]: Your public key has been saved in /etc/ssh/ssh_host_dsa_key.pub.
         Starting LXD - unix socket.
[[   46.481298] cloud-init[975]: The key fingerprint is:
[   46.642229] cloud-init[975]: SHA256:BIvzGeHLy9Ek4zFPAsGyi8MrVnbPWFwjALceUsKuR+4 root@ubuntu-xenial
[0;32m  OK  [0m] Reached target Cloud-config availability.
[   46.642362] cloud-init[975]: The key's randomart image is:
[   46.868704] cloud-init[975]: +---[DSA 1024]----+
[   46.869074] cloud-init[975]: |  .+++o          |
[[0;32m  OK  [0m] Listening on Socket activation for snappy daemon.
[[   46.869239] cloud-init[975]: |  ..==.+         |
[   46.976414] cloud-init[975]: |  .+oo@ +        |
[0;32m  OK  [0m] Listening on LXD - unix socket.
[[   46.976512] cloud-init[975]: |  .oo=.^ o       |
[   47.097126] cloud-init[975]: |..+. .O S .      |
[0;32m  OK  [0m] Started iSCSI initiator daemon (iscsid).
[   47.097235] cloud-init[975]: |oo.= o =         |
[   47.260698] cloud-init[975]: | .* . B          |
[   47.261059] cloud-init[975]: |.o E . o         |
         Starting Login to default iSCSI targets...
[[   47.261228] cloud-init[975]: |o                |
[   47.377298] cloud-init[975]: +----[SHA256]-----+
[0;32m  OK  [0m] Reached target Sockets.
[[0;32m  OK  [0m[   47.377398] ] cloud-initReached target Basic System.[975]: 
Generating public/private ecdsa key pair.
[   47.532295] cloud-init[975]: Your identification has been saved in /etc/ssh/ssh_host_ecdsa_key.
[   47.532610] cloud-init[975]: Your public key has been saved in /etc/ssh/ssh_host_ecdsa_key.pub.
         Starting /etc/rc.local Compatibility...
[   47.532777] cloud-init[975]: The key fingerprint is:
[   47.718855] cloud-init[975]: SHA256:OndyxosMyIjP5WP/sdbnr9RifVns1Dorm072HQiKSOU root@ubuntu-xenial
[   47.719116] cloud-init[975]: The key's randomart image is:
[   47.719236] cloud-init[975]: +---[ECDSA 256]---+
[   47.719355] cloud-init[975]: |                 |
[   47.719482] cloud-init[975]: |                 |
[   47.719599] cloud-init[975]: |       .         |
         Starting LXD - container startup/shutdown...
[[0;32m  OK  [0m] Started FUSE filesystem for LXC.
         Starting System Logging Service...
[[0;32m  OK  [0m] Started Deferred execution scheduler.
         Starting Apply the settings specified in cloud-config...
[   47.719735] cloud-init[975]: |      o        ..|
[   47.872263]          cloud-initStarting Accounts Service...[975]: 
|     . ES  .    =|
[   47.990362]          cloud-initStarting LSB: MD monitoring daemon...[975]: 
| . o....... .o.+o|
[   48.076349] cloud-init[975]: |. . +.+.+o= *.=oo|
         Starting Snappy daemon...
[   48.076813] cloud-init[975]: | o oo  =.O.*o+ =.|
[   48.141092] cloud-init[975]: |  o..o.o= .+*=+ .|
[   48.142315] cloud-init[975]: +----[SHA256]-----+
[   48.164311]          cloud-initStarting Login Service...[975]: 
Generating public/private ed25519 key pair.
[   48.236429] [cloud-init[0;32m  OK  [0m[975]: ] Your identification has been saved in /etc/ssh/ssh_host_ed25519_key.Started Regular background program processing daemon.

[   48.236824] cloud-init[975]: Your public key has been saved in /etc/ssh/ssh_host_ed25519_key.pub.
[   48.438854] [cloud-init[0;32m  OK  [0m[975]: ] The key fingerprint is:Started ACPI event daemon.

[   48.439243] cloud-init[975]: SHA256:KWffJLfaDLJX68rakAgvWg2Z64CMqsMf5UEY2a7rQAk root@ubuntu-xenial
[   48.600807] [cloud-init[0;32m  OK  [0m[975]: ] The key's randomart image is:Started D-Bus System Message Bus.

[   48.601538] cloud-init[975]: +--[ED25519 256]--+
[   48.704223] cloud-init[975]: |   .o            |
[   48.704605] cloud-init[975]: |   .o.           |
[   48.704669] cloud-init[975]: |E  ...           |
[   48.704733] cloud-init[975]: |. . .+   .       |
[   48.704797] cloud-init[975]: | o  *o. S . o    |
[   48.704857] cloud-init[975]: |+. .o*.= o =..   |
[   48.704916] cloud-init[975]: |+o..=.+ + o.o.   |
[   48.704986] cloud-init[975]: |o..*..   *.=.    |
[   48.705048] cloud-init[975]: |+.+o.   oo=o+    |
[   48.705089] cloud-init[975]: +----[SHA256]-----+
         Starting Pollinate to seed the pseudo random number generator...
[   48.712626] cloud-init[1095]: Generating locales (this might take a while)...
         Starting LSB: Record successful boot for GRUB...
[[0;32m  OK  [0m] Started Unattended Upgrades Shutdown.
[[0;32m  OK  [0m] Started System Logging Service.
[[0;32m  OK  [0m] Started Snappy daemon.
[[0;32m  OK  [0m] Started /etc/rc.local Compatibility.
[[0;32m  OK  [0m[   49.131393] cloud-init[1095]:   en_US.UTF-8... done
[   49.297200] cloud-init[1095]: Generation complete.
] Started LXD - container startup/shutdown.
[[0;32m  OK  [0m] Started Pollinate to seed the pseudo random number generator.
[[0;32m  OK  [0m] Started Login to default iSCSI targets.
[[0;32m  OK  [0m] Started LSB: MD monitoring daemon.
[[0;32m  OK  [0m] Started LSB: Record successful boot for GRUB.
[[0;32m  OK  [0m] Started Login Service.
         Starting Authenticate and Authorize Users to Run Privileged Tasks...
[[0;32m  OK  [0m] Reached target Remote File Systems (Pre).
[[0;32m  OK  [0m] Reached target Remote File Systems.
         Starting Permit User Sessions...
         Starting LSB: automatic crash report generation...
         Starting LSB: VirtualBox Linux Additions...
         Starting LSB: Set the CPU Frequency Scaling governor to "ondemand"...
         Starting LSB: daemon to balance interrupts for SMP systems...
[[0;32m  OK  [0m] Stopped OpenBSD Secure Shell server.
         Starting OpenBSD Secure Shell server...
         Starting Auto import assertions from block devices...
[[0;32m  OK  [0m] Started OpenBSD Secure Shell server.
[[0;32m  OK  [0m] Started Permit User Sessions.
[[0;32m  OK  [0m] Started Auto import assertions from block devices.
[[0;32m  OK  [0m] Started Authenticate and Authorize Users to Run Privileged Tasks.
[[0;32m  OK  [0m] Started Accounts Service.
[[0;32m  OK  [0m] Started LSB: Set the CPU Frequency Scaling governor to "ondemand".
[   50.268685] cloud-init[1095]: Cloud-init v. 0.7.9 running 'modules:config' at Sun, 08 Oct 2017 12:25:17 +0000. Up 47.97 seconds.
[[0;32m  OK  [0m] Started Apply the settings specified in cloud-config.
[[0;32m  OK  [0m] Started LSB: automatic crash report generation.
[[0;32m  OK  [0m] Started LSB: VirtualBox Linux Additions.
[[0;32m  OK  [0m] Started LSB: daemon to balance interrupts for SMP systems.
[[0;32m  OK  [0m] Created slice User Slice of ubuntu.
         Starting User Manager for UID 1000...
[[0;32m  OK  [0m] Started Session 1 of user ubuntu.
         Starting Hold until boot process finishes up...
         Starting Terminate Plymouth Boot Screen...
[[0;32m  OK  [0m] Started User Manager for UID 1000.
[[0;32m  OK  [0m] Started Hold until boot process finishes up.
[[0;32m  OK  [0m] Started Terminate Plymouth Boot Screen.
[[0;32m  OK  [0m] Started Serial Getty on ttyS0.
[[0;32m  OK  [0m] Started Getty on tty1.
[[0;32m  OK  [0m] Reached target Login Prompts.
         Starting Set console scheme...
[[0;32m  OK  [0m] Reached target Multi-User System.
[[0;32m  OK  [0m] Reached target Graphical Interface.
         Starting Update UTMP about System Runlevel Changes...
         Starting Execute cloud user/final scripts...
[[0;32m  OK  [0m] Started Set console scheme.
[[0;32m  OK  [0m] Started Update UTMP about System Runlevel Changes.
ci-info: no authorized ssh keys fingerprints found for user ubuntu.
<14>Oct  8 12:25:21 ec2: 
<14>Oct  8 12:25:21 ec2: #############################################################
<14>Oct  8 12:25:21 ec2: -----BEGIN SSH HOST KEY FINGERPRINTS-----
<14>Oct  8 12:25:21 ec2: 1024 SHA256:BIvzGeHLy9Ek4zFPAsGyi8MrVnbPWFwjALceUsKuR+4 root@ubuntu-xenial (DSA)
<14>Oct  8 12:25:21 ec2: 256 SHA256:OndyxosMyIjP5WP/sdbnr9RifVns1Dorm072HQiKSOU root@ubuntu-xenial (ECDSA)
<14>Oct  8 12:25:21 ec2: 256 SHA256:KWffJLfaDLJX68rakAgvWg2Z64CMqsMf5UEY2a7rQAk root@ubuntu-xenial (ED25519)
<14>Oct  8 12:25:21 ec2: 2048 SHA256:L487kJ23eGC7x9Eqx+Kggw+Taz6F1SbnwWizsVVb8VE root@ubuntu-xenial (RSA)
<14>Oct  8 12:25:21 ec2: -----END SSH HOST KEY FINGERPRINTS-----
<14>Oct  8 12:25:21 ec2: #############################################################
-----BEGIN SSH HOST KEY KEYS-----
ecdsa-sha2-nistp256 AAAAE2VjZHNhLXNoYTItbmlzdHAyNTYAAAAIbmlzdHAyNTYAAABBBP/xjr98OQtWLlUYw9QsuewMtCibzcca5AyIzs+J6lFde2a3PAKQH+4pLREz/Hv/yWKZZKETGIIturLBeEAjm70= root@ubuntu-xenial
ssh-ed25519 AAAAC3NzaC1lZDI1NTE5AAAAIG+A6wivCrL4U//pE948F4hTwWNinPJaQIuEjR+822su root@ubuntu-xenial
ssh-rsa AAAAB3NzaC1yc2EAAAADAQABAAABAQC8ql3ARlTrYrfguQrQCH2HgnexRRPA9ic/VzpAg5LQ9YWO+FnY7u3/MjDB4iPIQCfE0wr7zc8hNMe8Zei4owusiqkVq6oIoqq7ReZcZOwAUAEVhnYTzPYQO4g/atAzhnoh1y4WBPJRQiE5ZWz63RwzrCdN3GZtRN/VpupGL5VTESOLLrph60f407zYAqEmvld7GsSGLruFFSYY8Qk/0XKgnUExK+8Ze+t80MxNEyibhiEyWQEqZ24bdwtpoMbFFwIt0ea76KCBOCscSRrvWbbMLlrQ2HBzBTtfixDZlq1fwU5SSt9tPE0u/lm1EZAPCbVRzT64NsfF0l4tlDCUcMj9 root@ubuntu-xenial
-----END SSH HOST KEY KEYS-----
         Stopping User Manager for UID 1000...
[   52.697621] cloud-init[1341]: Cloud-init v. 0.7.9 running 'modules:final' at Sun, 08 Oct 2017 12:25:21 +0000. Up 51.61 seconds.
[   52.804685] [cloud-init[0;32m  OK  [0m[1341]: ] ci-info: no authorized ssh keys fingerprints found for user ubuntu.Stopped User Manager for UID 1000.

[   52.805211] cloud-init[1341]: Cloud-init v. 0.7.9 finished at Sun, 08 Oct 2017 12:25:22 +0000. Datasource DataSourceNoCloud [seed=/dev/sdb][dsmode=net].  Up 52.69 seconds
[[0;32m  OK  [0m] Started Execute cloud user/final scripts.
[[0;32m  OK  [0m] Removed slice User Slice of ubuntu.
[[0;32m  OK  [0m] Reached target Cloud-init target.

Ubuntu 16.04.3 LTS ubuntu-xenial ttyS0

ubuntu-xenial login: 